<?xml version="1.0" encoding="UTF-8"?>
<testsuite xmlns:xsi="http://www.w3.org/2001/XMLSchema-instance" xsi:noNamespaceSchemaLocation="https://maven.apache.org/surefire/maven-surefire-plugin/xsd/surefire-test-report.xsd" name="group2.StaticEntityTest" time="0.001" tests="3" errors="0" skipped="0" failures="0">
  <properties>
[...]
</properties>
  <testcase name="testGettersAndSetters" classname="group2.StaticEntityTest" time="0"/>
  <testcase name="testConstructorInitialization" classname="group2.StaticEntityTest" time="0"/>
  <testcase name="testUpdatePosition" classname="group2.StaticEntityTest" time="0"/>
</testsuite>